<?xml version="1.0" encoding="UTF-8"?>
<testng-results skipped="0" failed="0" total="1" passed="1">
  <reporter-output>
  </reporter-output>
  <suite name="Default suite" duration-ms="5913" started-at="2020-08-19T07:06:17Z" finished-at="2020-08-19T07:06:23Z">
    <groups>
    </groups>
    <test name="Default test" duration-ms="5913" started-at="2020-08-19T07:06:17Z" finished-at="2020-08-19T07:06:23Z">
      <class name="Main.Jenkins_Integration">
        <test-method status="PASS" signature="initalization()[pri:0, instance:Main.Jenkins_Integration@62ee68d8]" name="initalization" duration-ms="5888" started-at="2020-08-19T12:36:17Z" finished-at="2020-08-19T12:36:23Z">
          <reporter-output>
          </reporter-output>
        </test-method> <!-- initalization -->
      </class> <!-- Main.Jenkins_Integration -->
    </test> <!-- Default test -->
  </suite> <!-- Default suite -->
</testng-results>
